<?xml version="1.0" encoding="UTF-8"?>
<!-- Generated by org.testng.reporters.JUnitReportReporter -->
<testsuite hostname="A2ML24905" name="com.test.flamco.testcases.InputTest" tests="1" failures="0" timestamp="4 Feb 2019 06:28:08 GMT" time="48.758" errors="0">
  <testcase name="navigateToInput" time="48.758" classname="com.test.flamco.testcases.InputTest"/>
</testsuite> <!-- com.test.flamco.testcases.InputTest -->
